[+] Containers:
 |- [+] Container: /Game/battleScene
 |   |- [+] ActorDescs:
 |   |   |- Guid:03920DF94EEFC9F86CC66185D32A3DA1 BaseClass: NativeClass:/Script/Engine.StaticMeshActor Name:StaticMeshActor_UAID_A4AE111137DC54FB00_1240666663 Label:SM_SkySphere SpatiallyLoaded:0 Bounds:IsValid=true, Min=(X=-1638400.000 Y=-1638400.000 Z=-1638400.000), Max=(X=1638400.000 Y=1638400.000 Z=1638400.000) RuntimeGrid:None EditorOnly:0 RuntimeOnly:0 HLODRelevant:0 ListedInSceneOutliner:1 IsMainWorldOnly:0 FolderPath:Lighting FolderGuid:B7E9BD5B45A652654791988DEF54CCEB
 |   |   |- Guid:1A6265F14524E5FF4E5FAE9003E8B814 BaseClass:/Game/customplayerStart.customplayerStart_C NativeClass:/Script/Engine.PlayerStart Name:customplayerStart_C_UAID_D8BBC14B91CE77BA01_1232261526 Label:customplayerStart SpatiallyLoaded:0 Bounds:IsValid=true, Min=(X=98.000 Y=-40.000 Z=-92.000), Max=(X=178.000 Y=40.000 Z=92.000) RuntimeGrid:None EditorOnly:0 RuntimeOnly:0 HLODRelevant:0 ListedInSceneOutliner:1 IsMainWorldOnly:0
 |   |   |- Guid:1D3D26F04B6DC10BEFB5B69E5CF914C8 BaseClass: NativeClass:/Script/Engine.VolumetricCloud Name:VolumetricCloud_UAID_A85E45CFE40401D200_1470381760 Label:VolumetricCloud SpatiallyLoaded:0 Bounds:IsValid=true, Min=(X=310.000 Y=0.000 Z=0.000), Max=(X=310.000 Y=0.000 Z=0.000) RuntimeGrid:None EditorOnly:0 RuntimeOnly:0 HLODRelevant:0 ListedInSceneOutliner:1 IsMainWorldOnly:0 FolderPath:Lighting FolderGuid:B7E9BD5B45A652654791988DEF54CCEB
 |   |   |- Guid:1DE8D7AC4103A2EABA11649C7FCF8ACA BaseClass: NativeClass:/Script/Engine.SkyLight Name:SkyLight_UAID_A85E45CFE40401D200_1470380759 Label:SkyLight SpatiallyLoaded:0 Bounds:IsValid=true, Min=(X=310.000 Y=0.000 Z=0.000), Max=(X=310.000 Y=0.000 Z=0.000) RuntimeGrid:None EditorOnly:0 RuntimeOnly:0 HLODRelevant:0 ListedInSceneOutliner:1 IsMainWorldOnly:0 FolderPath:Lighting FolderGuid:B7E9BD5B45A652654791988DEF54CCEB
 |   |   |- Guid:295EA11D4C3CD040CFB7AB8485EB040D BaseClass:/Game/customplayerStart.customplayerStart_C NativeClass:/Script/Engine.PlayerStart Name:customplayerStart_C_UAID_D8BBC14B91CE77BA01_1711961519 Label:customplayerStart2 SpatiallyLoaded:0 Bounds:IsValid=true, Min=(X=-178.000 Y=-40.000 Z=-92.000), Max=(X=-98.000 Y=40.000 Z=92.000) RuntimeGrid:None EditorOnly:0 RuntimeOnly:0 HLODRelevant:0 ListedInSceneOutliner:1 IsMainWorldOnly:0
 |   |   |- Guid:2CE12F874AA39D020A0F4BA5739BD305 BaseClass: NativeClass:/Script/Engine.SkyAtmosphere Name:SkyAtmosphere_UAID_A85E45CFE40401D200_1470382762 Label:SkyAtmosphere SpatiallyLoaded:0 Bounds:IsValid=true, Min=(X=310.000 Y=0.000 Z=0.000), Max=(X=310.000 Y=0.000 Z=0.000) RuntimeGrid:None EditorOnly:0 RuntimeOnly:0 HLODRelevant:0 ListedInSceneOutliner:1 IsMainWorldOnly:0 FolderPath:Lighting FolderGuid:B7E9BD5B45A652654791988DEF54CCEB
 |   |   |- Guid:5368FABB47D6D9580DAECA8B0417BF92 BaseClass: NativeClass:/Script/Engine.WorldDataLayers Name:WorldDataLayers Label:WorldDataLayers-1 SpatiallyLoaded:0 Bounds:Invalid RuntimeGrid:None EditorOnly:0 RuntimeOnly:0 HLODRelevant:0 ListedInSceneOutliner:1 IsMainWorldOnly:1
 |   |   |- Guid:AAAC6B5742760A58C2206DB37E44683C BaseClass: NativeClass:/Script/Engine.DirectionalLight Name:DirectionalLight_UAID_A85E45CFE40401D200_1470382761 Label:DirectionalLight SpatiallyLoaded:0 Bounds:IsValid=true, Min=(X=-4398046511104.000 Y=-4398046511104.000 Z=-4398046511104.000), Max=(X=4398046511104.000 Y=4398046511104.000 Z=4398046511104.000) RuntimeGrid:None EditorOnly:0 RuntimeOnly:0 HLODRelevant:0 ListedInSceneOutliner:1 IsMainWorldOnly:0 FolderPath:Lighting FolderGuid:B7E9BD5B45A652654791988DEF54CCEB
 |   |   |- Guid:D3FB7383421AAEFD3DB6F8B1E415A9FE BaseClass: NativeClass:/Script/Engine.ExponentialHeightFog Name:ExponentialHeightFog_UAID_A85E45CFE40401D200_1470382763 Label:ExponentialHeightFog SpatiallyLoaded:0 Bounds:IsValid=true, Min=(X=-5600.000 Y=-50.000 Z=-6850.000), Max=(X=-5600.000 Y=-50.000 Z=-6850.000) RuntimeGrid:None EditorOnly:0 RuntimeOnly:0 HLODRelevant:0 ListedInSceneOutliner:1 IsMainWorldOnly:0 FolderPath:Lighting FolderGuid:B7E9BD5B45A652654791988DEF54CCEB
 |   |   |- Guid:FCA386024145204B288BE09461BA0961 BaseClass:/Game/bp_board.bp_board_C NativeClass:/Script/cardGame.board Name:bp_board_C_UAID_D8BBC14B91CE9DBC01_2067228319 Label:bp_board SpatiallyLoaded:1 Bounds:IsValid=true, Min=(X=-5000.000 Y=-5000.000 Z=-0.200), Max=(X=5000.000 Y=5000.000 Z=0.200) RuntimeGrid:None EditorOnly:0 RuntimeOnly:0 HLODRelevant:0 ListedInSceneOutliner:1 IsMainWorldOnly:0
 |   |- [+] Clusters:
 |   |   |- [+] [  0]
 |   |   |   |- Guid:03920DF94EEFC9F86CC66185D32A3DA1 BaseClass: NativeClass:/Script/Engine.StaticMeshActor Name:StaticMeshActor_UAID_A4AE111137DC54FB00_1240666663 Label:SM_SkySphere SpatiallyLoaded:0 Bounds:IsValid=true, Min=(X=-1638400.000 Y=-1638400.000 Z=-1638400.000), Max=(X=1638400.000 Y=1638400.000 Z=1638400.000) RuntimeGrid:None EditorOnly:0 RuntimeOnly:0 HLODRelevant:0 ListedInSceneOutliner:1 IsMainWorldOnly:0 FolderPath:Lighting FolderGuid:B7E9BD5B45A652654791988DEF54CCEB
 |   |   |- [+] [  1]
 |   |   |   |- Guid:1A6265F14524E5FF4E5FAE9003E8B814 BaseClass:/Game/customplayerStart.customplayerStart_C NativeClass:/Script/Engine.PlayerStart Name:customplayerStart_C_UAID_D8BBC14B91CE77BA01_1232261526 Label:customplayerStart SpatiallyLoaded:0 Bounds:IsValid=true, Min=(X=98.000 Y=-40.000 Z=-92.000), Max=(X=178.000 Y=40.000 Z=92.000) RuntimeGrid:None EditorOnly:0 RuntimeOnly:0 HLODRelevant:0 ListedInSceneOutliner:1 IsMainWorldOnly:0
 |   |   |- [+] [  2]
 |   |   |   |- Guid:1D3D26F04B6DC10BEFB5B69E5CF914C8 BaseClass: NativeClass:/Script/Engine.VolumetricCloud Name:VolumetricCloud_UAID_A85E45CFE40401D200_1470381760 Label:VolumetricCloud SpatiallyLoaded:0 Bounds:IsValid=true, Min=(X=310.000 Y=0.000 Z=0.000), Max=(X=310.000 Y=0.000 Z=0.000) RuntimeGrid:None EditorOnly:0 RuntimeOnly:0 HLODRelevant:0 ListedInSceneOutliner:1 IsMainWorldOnly:0 FolderPath:Lighting FolderGuid:B7E9BD5B45A652654791988DEF54CCEB
 |   |   |- [+] [  3]
 |   |   |   |- Guid:1DE8D7AC4103A2EABA11649C7FCF8ACA BaseClass: NativeClass:/Script/Engine.SkyLight Name:SkyLight_UAID_A85E45CFE40401D200_1470380759 Label:SkyLight SpatiallyLoaded:0 Bounds:IsValid=true, Min=(X=310.000 Y=0.000 Z=0.000), Max=(X=310.000 Y=0.000 Z=0.000) RuntimeGrid:None EditorOnly:0 RuntimeOnly:0 HLODRelevant:0 ListedInSceneOutliner:1 IsMainWorldOnly:0 FolderPath:Lighting FolderGuid:B7E9BD5B45A652654791988DEF54CCEB
 |   |   |- [+] [  4]
 |   |   |   |- Guid:295EA11D4C3CD040CFB7AB8485EB040D BaseClass:/Game/customplayerStart.customplayerStart_C NativeClass:/Script/Engine.PlayerStart Name:customplayerStart_C_UAID_D8BBC14B91CE77BA01_1711961519 Label:customplayerStart2 SpatiallyLoaded:0 Bounds:IsValid=true, Min=(X=-178.000 Y=-40.000 Z=-92.000), Max=(X=-98.000 Y=40.000 Z=92.000) RuntimeGrid:None EditorOnly:0 RuntimeOnly:0 HLODRelevant:0 ListedInSceneOutliner:1 IsMainWorldOnly:0
 |   |   |- [+] [  5]
 |   |   |   |- Guid:2CE12F874AA39D020A0F4BA5739BD305 BaseClass: NativeClass:/Script/Engine.SkyAtmosphere Name:SkyAtmosphere_UAID_A85E45CFE40401D200_1470382762 Label:SkyAtmosphere SpatiallyLoaded:0 Bounds:IsValid=true, Min=(X=310.000 Y=0.000 Z=0.000), Max=(X=310.000 Y=0.000 Z=0.000) RuntimeGrid:None EditorOnly:0 RuntimeOnly:0 HLODRelevant:0 ListedInSceneOutliner:1 IsMainWorldOnly:0 FolderPath:Lighting FolderGuid:B7E9BD5B45A652654791988DEF54CCEB
 |   |   |- [+] [  6]
 |   |   |   |- Guid:5368FABB47D6D9580DAECA8B0417BF92 BaseClass: NativeClass:/Script/Engine.WorldDataLayers Name:WorldDataLayers Label:WorldDataLayers-1 SpatiallyLoaded:0 Bounds:Invalid RuntimeGrid:None EditorOnly:0 RuntimeOnly:0 HLODRelevant:0 ListedInSceneOutliner:1 IsMainWorldOnly:1
 |   |   |- [+] [  7]
 |   |   |   |- Guid:AAAC6B5742760A58C2206DB37E44683C BaseClass: NativeClass:/Script/Engine.DirectionalLight Name:DirectionalLight_UAID_A85E45CFE40401D200_1470382761 Label:DirectionalLight SpatiallyLoaded:0 Bounds:IsValid=true, Min=(X=-4398046511104.000 Y=-4398046511104.000 Z=-4398046511104.000), Max=(X=4398046511104.000 Y=4398046511104.000 Z=4398046511104.000) RuntimeGrid:None EditorOnly:0 RuntimeOnly:0 HLODRelevant:0 ListedInSceneOutliner:1 IsMainWorldOnly:0 FolderPath:Lighting FolderGuid:B7E9BD5B45A652654791988DEF54CCEB
 |   |   |- [+] [  8]
 |   |   |   |- Guid:D3FB7383421AAEFD3DB6F8B1E415A9FE BaseClass: NativeClass:/Script/Engine.ExponentialHeightFog Name:ExponentialHeightFog_UAID_A85E45CFE40401D200_1470382763 Label:ExponentialHeightFog SpatiallyLoaded:0 Bounds:IsValid=true, Min=(X=-5600.000 Y=-50.000 Z=-6850.000), Max=(X=-5600.000 Y=-50.000 Z=-6850.000) RuntimeGrid:None EditorOnly:0 RuntimeOnly:0 HLODRelevant:0 ListedInSceneOutliner:1 IsMainWorldOnly:0 FolderPath:Lighting FolderGuid:B7E9BD5B45A652654791988DEF54CCEB
 |   |   |- [+] [  9]
 |   |   |   |- Guid:FCA386024145204B288BE09461BA0961 BaseClass:/Game/bp_board.bp_board_C NativeClass:/Script/cardGame.board Name:bp_board_C_UAID_D8BBC14B91CE9DBC01_2067228319 Label:bp_board SpatiallyLoaded:1 Bounds:IsValid=true, Min=(X=-5000.000 Y=-5000.000 Z=-0.200), Max=(X=5000.000 Y=5000.000 Z=0.200) RuntimeGrid:None EditorOnly:0 RuntimeOnly:0 HLODRelevant:0 ListedInSceneOutliner:1 IsMainWorldOnly:0
 |- ContainerInstances:
 |- [+] MainContainer:
 |   |-        ID: 00000000000000000000000000000000
 |   |-  ParentID: 00000000000000000000000000000000
 |   |-    Bounds: IsValid=true, Min=(X=-5000.000 Y=-5000.000 Z=-0.200), Max=(X=5000.000 Y=5000.000 Z=0.200)
 |   |- Transform: 0.000000,0.000000,0.000000|0.000000,0.000000,-0.000000|1.000000,1.000000,1.000000
 |   |- Container: /Game/battleScene
----------------------------------------------------------------------------------------------------------------
battleScene - Persistent Level
----------------------------------------------------------------------------------------------------------------
[+] Content of battleScene Persistent Level
 |- Always loaded Actor Count: 14 
 |- Actor Path: /Game/battleScene.battleScene:PersistentLevel.battleScene_C_1
 |- Actor Package: /Game/battleScene
 |- Actor Path: /Game/battleScene.battleScene:PersistentLevel.customplayerStart_C_UAID_D8BBC14B91CE77BA01_1232261526
 |- Actor Package: /Game/__ExternalActors__/battleScene/0/W5/C9SPHTYVUXWUC0AJB8CZM7
 |- Actor Path: /Game/battleScene.battleScene:PersistentLevel.customplayerStart_C_UAID_D8BBC14B91CE77BA01_1711961519
 |- Actor Package: /Game/__ExternalActors__/battleScene/E/DO/H5CBX2GMQAGK9XCRJDJWMC
 |- Actor Path: /Game/battleScene.battleScene:PersistentLevel.DefaultPhysicsVolume_0
 |- Actor Package: /Game/battleScene
 |- Actor Path: /Game/battleScene.battleScene:PersistentLevel.DirectionalLight_UAID_A85E45CFE40401D200_1470382761
 |- Actor Package: /Game/__ExternalActors__/battleScene/2/PC/LE5B8REY81Y6C1IDBK9PQW
 |- Actor Path: /Game/battleScene.battleScene:PersistentLevel.ExponentialHeightFog_UAID_A85E45CFE40401D200_1470382763
 |- Actor Package: /Game/__ExternalActors__/battleScene/3/FJ/1T9K11T79M9FQHSK9S9FUS
 |- Actor Path: /Game/battleScene.battleScene:PersistentLevel.GameplayDebuggerPlayerManager_0
 |- Actor Package: /Game/battleScene
 |- Actor Path: /Game/battleScene.battleScene:PersistentLevel.SkyAtmosphere_UAID_A85E45CFE40401D200_1470382762
 |- Actor Package: /Game/__ExternalActors__/battleScene/E/4C/IF17122580THJ0HEJ1GGGN
 |- Actor Path: /Game/battleScene.battleScene:PersistentLevel.SkyLight_UAID_A85E45CFE40401D200_1470380759
 |- Actor Package: /Game/__ExternalActors__/battleScene/2/PU/MBCIBYEJSWFYPWTFY8K0PA
 |- Actor Path: /Game/battleScene.battleScene:PersistentLevel.StaticMeshActor_UAID_A4AE111137DC54FB00_1240666663
 |- Actor Package: /Game/__ExternalActors__/battleScene/3/HR/X7ZP5G5968Y2ANYX3MNUTL
 |- Actor Path: /Game/battleScene.battleScene:PersistentLevel.VolumetricCloud_UAID_A85E45CFE40401D200_1470381760
 |- Actor Package: /Game/__ExternalActors__/battleScene/8/M8/VZGYA5C4FDQ892UEFSYGYD
 |- Actor Path: /Game/battleScene.battleScene:PersistentLevel.WorldDataLayers
 |- Actor Package: /Game/__ExternalActors__/battleScene/0/TY/2GRVM6H9DTKEXXDDKV2KZ3
 |- Actor Path: /Game/battleScene.battleScene:PersistentLevel.WorldPartitionReplay
 |- Actor Package: /Game/battleScene
 |- Actor Path: /Game/battleScene.battleScene:PersistentLevel.WorldSettings
 |- Actor Package: /Game/battleScene

----------------------------------------------------------------------------------------------------------------
battleScene - Runtime Spatial Hash - Streaming Grid - MainGrid
----------------------------------------------------------------------------------------------------------------
            Origin: X=0.000 Y=0.000 Z=0.000
         Cell Size: 25600
      World Bounds: IsValid=true, Min=(X=-5000.000 Y=-5000.000 Z=-0.200), Max=(X=5000.000 Y=5000.000 Z=0.200)
     Loading Range: 76800.00
Block Slow Loading: No
 ClientOnlyVisible: No
            Origin: X=0.000 Y=0.000 Z=0.000

[+] Grid Levels: 2
 |- Level  0: Cell Count    1 | Cell Size   25600 | Actor Count    1 (100.0%)
 |- Level  1: Cell Count    0 | Cell Size   51200 | Actor Count    0 (0.0%)

[+] Content of Grid Level 0
 |- [+] Content of Cell battleScene_MainGrid_L0_X0_Y0 (C3V3I3AVHWZRV1FF324AOT6IL)
 |   |- Actor Count: 1
 |   |-          Actor Path: /Game/battleScene.battleScene:PersistentLevel.bp_board_C_UAID_D8BBC14B91CE9DBC01_2067228319
 |   |-       Actor Package: /Game/__ExternalActors__/battleScene/4/N2/29QNJ4I8ZSH91XJTIS0BIT
 |   |- Actor Instance Guid: FCA386024145204B288BE09461BA0961
[+] Content of Grid Level 1

